<?xml version="1.0" encoding="UTF-8"?>
<!-- Generated by org.testng.reporters.JUnitReportReporter -->
<testsuite hostname="LAPTOP-RQ5ADVUS" failures="0" tests="1" name="newProject.testCases" time="39.056" errors="0" timestamp="2024-01-20T00:20:57 EET" skipped="0">
  <testcase classname="newProject.testCases" name="myTest" time="39.056"/>
  <system-out/>
</testsuite> <!-- newProject.testCases -->
