<?xml version="1.0" encoding="UTF-8"?>
<!-- Generated by org.testng.reporters.JUnitReportReporter -->
<testsuite hostname="LAPTOP-RQ5ADVUS" failures="0" tests="1" name="newProject.testCases" time="48.293" errors="0" timestamp="2024-02-25T20:04:00 EET" skipped="0">
  <testcase classname="newProject.testCases" name="myTest" time="48.293"/>
  <system-out/>
</testsuite> <!-- newProject.testCases -->
