<?xml version="1.0" encoding="UTF-8"?>
<!-- Generated by org.testng.reporters.JUnitReportReporter -->
<testsuite hostname="LAPTOP-RQ5ADVUS" failures="0" tests="1" name="newProject.testCases" time="14.968" errors="0" timestamp="2024-01-19T05:12:23 EET" skipped="0">
  <testcase classname="newProject.testCases" name="myTest" time="14.968"/>
  <system-out/>
</testsuite> <!-- newProject.testCases -->
